<?xml version="1.0" encoding="UTF-8"?>
<!-- Generated by org.testng.reporters.JUnitReportReporter -->
<testsuite skipped="0" hostname="LAPTOP-60J7QEQ1" name="base.BaseClass" tests="1" failures="0" timestamp="28 Oct 2022 02:35:08 GMT" time="13.065" errors="0">
  <testcase name="setUpDriver" time="13.065" classname="base.BaseClass"/>
</testsuite> <!-- base.BaseClass -->
